[     377ms] [ERROR] Refused to execute script from 'https://www.caribbean-airlines.com/#/requested_page' because its MIME type ('text/html') is not executable, and strict MIME type checking is enabled. @ https://www.caribbean-airlines.com/#/baggage/carry-on:0
[     377ms] [ERROR] Refused to execute script from 'https://www.caribbean-airlines.com/#/requested_page' because its MIME type ('text/html') is not executable, and strict MIME type checking is enabled. @ https://www.caribbean-airlines.com/#/baggage/carry-on:0
[     377ms] [ERROR] Refused to execute script from 'https://www.caribbean-airlines.com/#/requested_page' because its MIME type ('text/html') is not executable, and strict MIME type checking is enabled. @ https://www.caribbean-airlines.com/#/baggage/carry-on:0
[     525ms] [ERROR] Refused to execute script from 'https://www.caribbean-airlines.com/#/requested_page' because its MIME type ('text/html') is not executable, and strict MIME type checking is enabled. @ https://www.caribbean-airlines.com/#/baggage/carry-on:0
[     561ms] [LOG] No translation language change needed during initialization @ https://www.caribbean-airlines.com/angular/components/main/main.js?v=1.63:877
[     567ms] [WARNING] reCAPTCHA couldn't find user-provided function: onloadCallback @ https://www.gstatic.com/recaptcha/releases/TnA7HacJFoBWt9hnlunBlYfK/recaptcha__en.js:622
[     568ms] [VERBOSE] [DOM] Password field is not contained in a form: (More info: https://goo.gl/9p2vKq) %o @ https://www.caribbean-airlines.com/#/baggage/carry-on:0
[     572ms] [WARNING] onSherpaEvent not defined. Define a onSherpaEvent() function if you are loading the Sherpa SDK asynchronously. @ https://sdk.joinsherpa.io/widget.js?appId=spE1NzQ3MD:8
[     644ms] [LOG] Ticker controller initialized @ https://www.caribbean-airlines.com/angular/components/ticker/ticker_controller.js?v=1.00:5
[     644ms] [LOG] Setting up ticker - calling API... @ https://www.caribbean-airlines.com/angular/components/ticker/ticker_controller.js?v=1.00:28
[     646ms] [LOG] translation change event ended for language: en @ https://www.caribbean-airlines.com/angular/components/main/main.js?v=1.63:921
[     646ms] [LOG] Skipping translation change event during initialization for language: en @ https://www.caribbean-airlines.com/angular/components/main/main.js?v=1.63:925
[     646ms] [LOG] $translatePartialLoaderStructureChanged event fired @ https://www.caribbean-airlines.com/angular/components/main/main.js?v=1.63:895
[     646ms] [LOG] structure of translate partial loader change event fired @ https://www.caribbean-airlines.com/angular/components/main/main.js?v=1.63:1009
[     646ms] [LOG] $translateRefreshStart event fired @ https://www.caribbean-airlines.com/angular/components/main/main.js?v=1.63:899
[     691ms] [LOG] [InitService] Routes preloaded: 25 @ https://www.caribbean-airlines.com/angular/components/widget/services/init.service.js?v=1.00:5
[     713ms] [LOG] Ticker API response: {settings: Object, status: true} @ https://www.caribbean-airlines.com/angular/components/ticker/ticker_controller.js?v=1.00:32
[     713ms] [LOG] Ticker settings: {tickerEnable: false, tickerMessage: Travel Update: All scheduled flights are operating… developments to ensure safe and reliable travel.} @ https://www.caribbean-airlines.com/angular/components/ticker/ticker_controller.js?v=1.00:38
[     713ms] [LOG] tickerEnable: false @ https://www.caribbean-airlines.com/angular/components/ticker/ticker_controller.js?v=1.00:39
[     713ms] [LOG] tickerMessage: Travel Update: All scheduled flights are operating as normal. We continue to monitor regional developments to ensure safe and reliable travel. @ https://www.caribbean-airlines.com/angular/components/ticker/ticker_controller.js?v=1.00:40
[     713ms] [LOG] Ticker not shown - enabled: false has message: true @ https://www.caribbean-airlines.com/angular/components/ticker/ticker_controller.js?v=1.00:54
[     721ms] [LOG] translation change event ended for language: en @ https://www.caribbean-airlines.com/angular/components/main/main.js?v=1.63:921
[     721ms] [LOG] Skipping translation change event during initialization for language: en @ https://www.caribbean-airlines.com/angular/components/main/main.js?v=1.63:925
[     721ms] [LOG] translation change event ended for language: en @ https://www.caribbean-airlines.com/angular/components/main/main.js?v=1.63:921
[     721ms] [LOG] Skipping translation change event during initialization for language: en @ https://www.caribbean-airlines.com/angular/components/main/main.js?v=1.63:925
[     728ms] [LOG] translation change event ended for language: en @ https://www.caribbean-airlines.com/angular/components/main/main.js?v=1.63:921
[     728ms] [LOG] Skipping translation change event during initialization for language: en @ https://www.caribbean-airlines.com/angular/components/main/main.js?v=1.63:925
[     728ms] [LOG] translation change event ended for language: en @ https://www.caribbean-airlines.com/angular/components/main/main.js?v=1.63:921
[     728ms] [LOG] Skipping translation change event during initialization for language: en @ https://www.caribbean-airlines.com/angular/components/main/main.js?v=1.63:925
[     729ms] [LOG] $translateRefreshEnd event fired @ https://www.caribbean-airlines.com/angular/components/main/main.js?v=1.63:903
[    1099ms] [WARNING] Div for inline form "Caribbean Shop - Newsletter" is missing. Was inline code installed? @ https://static.ctctcdn.com/js/signup-form-widget/current/signup-form-widget.min.js:29
[    1100ms] [WARNING] Div for inline form "Inline Form_Website Landing Page" is missing. Was inline code installed? @ https://static.ctctcdn.com/js/signup-form-widget/current/signup-form-widget.min.js:29
[    1100ms] [WARNING] Div for inline form "Inline Form_D'Caribbean Shop" is missing. Was inline code installed? @ https://static.ctctcdn.com/js/signup-form-widget/current/signup-form-widget.min.js:29
[    2563ms] [LOG] emit event ------------------------------------ @ https://www.caribbean-airlines.com/angular/components/main/main.js?v=1.63:2211
[    2563ms] [LOG] scope applied @ https://www.caribbean-airlines.com/angular/components/main/main.js?v=1.63:2214
[    2563ms] [LOG] scope applied @ https://www.caribbean-airlines.com/angular/components/main/main.js?v=1.63:2216
[    2564ms] [LOG] ready: consentModal @ https://www.caribbean-airlines.com/angular/components/main/main.js?v=1.63:1144
[    2564ms] [LOG] visible: consentModal @ https://www.caribbean-airlines.com/angular/components/main/main.js?v=1.63:1148
[    3561ms] [LOG] Translation initialization complete, events will now be processed @ https://www.caribbean-airlines.com/angular/components/main/main.js?v=1.63:2437
[   17113ms] [LOG] ready: preferencesModal @ https://www.caribbean-airlines.com/angular/components/main/main.js?v=1.63:1144
[   18788ms] [LOG] hidden: consentModal @ https://www.caribbean-airlines.com/angular/components/main/main.js?v=1.63:1152
[   18792ms] [LOG] onFirstConsent fired {categories: Array(4), revision: 0, data: Object, consentTimestamp: 2026-07-03T03:34:32.282Z, consentId: f1334c96-5924-4617-b9b3-d5f6c08bf500} @ https://www.caribbean-airlines.com/angular/components/main/main.js?v=1.63:1107
[   18792ms] [LOG] gtag consent update {analytics_storage: granted, ad_storage: granted, ad_user_data: granted, ad_personalization: granted, functionality_storage: granted} @ https://www.caribbean-airlines.com/angular/components/main/main.js?v=1.63:2180
[   18793ms] [LOG] Necessary cookies changed to accepted @ https://www.caribbean-airlines.com/angular/components/main/main.js?v=1.63:2191
[   18794ms] [LOG] end of on first consent @ https://www.caribbean-airlines.com/angular/components/main/main.js?v=1.63:1114
[   18795ms] [LOG] onConsent fired! {categories: Array(4), revision: 0, data: Object, consentTimestamp: 2026-07-03T03:34:32.282Z, consentId: f1334c96-5924-4617-b9b3-d5f6c08bf500} @ https://www.caribbean-airlines.com/angular/components/main/main.js?v=1.63:1120
[   20189ms] [INFO] RTS: shouldLoadV2 - sw: true, bc: true, sse: true, ws: true, fetch: true, localStorage: true @ https://rts-static-prod.freshworksapi.com/us/rts-min.js:1
[   20190ms] [INFO] RTS: shouldLoadV2 - window.location.hostname: caribbeanairlineslimited-org-7bf818866382f8016794797.freshchat.com - proxyDomain: freshchat.com @ https://rts-static-prod.freshworksapi.com/us/rts-min.js:1
[   20190ms] [INFO] RTS: shouldLoadV2 - proxy configured: false @ https://rts-static-prod.freshworksapi.com/us/rts-min.js:1
[   20190ms] [LOG] RTS_LEGACY is being loaded for RTS-2.0.16 @ https://rts-static-prod.freshworksapi.com/us/rts-min.js:1
